<?xml version="1.0" encoding="UTF-8"?>
<testng-results skipped="0" failed="0" total="1" passed="1">
  <reporter-output>
  </reporter-output>
  <suite name="Default suite" duration-ms="181" started-at="2018-05-02T07:10:24Z" finished-at="2018-05-02T07:10:25Z">
    <groups>
    </groups>
    <test name="Default test" duration-ms="181" started-at="2018-05-02T07:10:24Z" finished-at="2018-05-02T07:10:25Z">
      <class name="demoExcel.ExecuteExceltest">
        <test-method status="PASS" signature="data()[pri:0, instance:demoExcel.ExecuteExceltest@48eff760]" name="data" duration-ms="165" started-at="2018-05-02T12:40:24Z" finished-at="2018-05-02T12:40:25Z">
          <reporter-output>
          </reporter-output>
        </test-method> <!-- data -->
      </class> <!-- demoExcel.ExecuteExceltest -->
    </test> <!-- Default test -->
  </suite> <!-- Default suite -->
</testng-results>
